[2024-02-29T18:03:53.712+0900] {manager.py:469} INFO - Processing files using up to 1 processes at a time 
[2024-02-29T18:03:53.712+0900] {manager.py:470} INFO - Process each file at most once every 30 seconds
[2024-02-29T18:03:53.713+0900] {manager.py:471} INFO - Checking for new files in /Users/supertree/Documents/code/data-engineering-aws/hands-on/data-engineer/airflow/dags every 300 seconds
[2024-02-29T18:03:53.713+0900] {manager.py:738} INFO - Searching for files in /Users/supertree/Documents/code/data-engineering-aws/hands-on/data-engineer/airflow/dags
[2024-02-29T18:03:53.750+0900] {manager.py:741} INFO - There are 48 files in /Users/supertree/Documents/code/data-engineering-aws/hands-on/data-engineer/airflow/dags
[2024-02-29T18:03:55.055+0900] {manager.py:879} INFO - 
================================================================================
DAG File Processing Stats

File Path                                                                                                                                                                                       PID    Runtime      # DAGs    # Errors  Last Runtime    Last Run
----------------------------------------------------------------------------------------------------------------------------------------------------------------------------------------------  -----  ---------  --------  ----------  --------------  -------------------
/Users/supertree/Documents/code/data-engineering-aws/hands-on/data-engineer/.venv/lib/python3.11/site-packages/airflow/example_dags/subdags/subdag.py                                                                    0           0  1.22s           2024-02-29T09:03:55
/Users/supertree/Documents/code/data-engineering-aws/hands-on/data-engineer/.venv/lib/python3.11/site-packages/airflow/example_dags/example_latest_only.py                                                               0           0
/Users/supertree/Documents/code/data-engineering-aws/hands-on/data-engineer/.venv/lib/python3.11/site-packages/airflow/example_dags/example_local_kubernetes_executor.py                                                 0           0
/Users/supertree/Documents/code/data-engineering-aws/hands-on/data-engineer/.venv/lib/python3.11/site-packages/airflow/example_dags/example_task_group_decorator.py                                                      0           0
/Users/supertree/Documents/code/data-engineering-aws/hands-on/data-engineer/.venv/lib/python3.11/site-packages/airflow/example_dags/example_complex.py                                                                   0           0
/Users/supertree/Documents/code/data-engineering-aws/hands-on/data-engineer/.venv/lib/python3.11/site-packages/airflow/example_dags/example_python_operator.py                                                           0           0
/Users/supertree/Documents/code/data-engineering-aws/hands-on/data-engineer/.venv/lib/python3.11/site-packages/airflow/example_dags/tutorial_taskflow_api_virtualenv.py                                                  0           0
/Users/supertree/Documents/code/data-engineering-aws/hands-on/data-engineer/.venv/lib/python3.11/site-packages/airflow/example_dags/example_params_trigger_ui.py                                                         0           0
/Users/supertree/Documents/code/data-engineering-aws/hands-on/data-engineer/.venv/lib/python3.11/site-packages/airflow/example_dags/example_external_task_marker_dag.py                                                  0           0
/Users/supertree/Documents/code/data-engineering-aws/hands-on/data-engineer/.venv/lib/python3.11/site-packages/airflow/example_dags/tutorial_objectstorage.py                                                            0           0
/Users/supertree/Documents/code/data-engineering-aws/hands-on/data-engineer/.venv/lib/python3.11/site-packages/airflow/example_dags/example_bash_operator.py                                                             0           0
/Users/supertree/Documents/code/data-engineering-aws/hands-on/data-engineer/.venv/lib/python3.11/site-packages/airflow/example_dags/example_short_circuit_operator.py                                                    0           0
/Users/supertree/Documents/code/data-engineering-aws/hands-on/data-engineer/.venv/lib/python3.11/site-packages/airflow/example_dags/example_setup_teardown.py                                                            0           0
/Users/supertree/Documents/code/data-engineering-aws/hands-on/data-engineer/.venv/lib/python3.11/site-packages/airflow/example_dags/example_branch_operator.py                                                           0           0
/Users/supertree/Documents/code/data-engineering-aws/hands-on/data-engineer/.venv/lib/python3.11/site-packages/airflow/example_dags/example_branch_labels.py                                                             0           0
/Users/supertree/Documents/code/data-engineering-aws/hands-on/data-engineer/.venv/lib/python3.11/site-packages/airflow/example_dags/tutorial_taskflow_api.py                                                             0           0
/Users/supertree/Documents/code/data-engineering-aws/hands-on/data-engineer/.venv/lib/python3.11/site-packages/airflow/example_dags/example_task_group.py                                                                0           0
/Users/supertree/Documents/code/data-engineering-aws/hands-on/data-engineer/.venv/lib/python3.11/site-packages/airflow/example_dags/tutorial.py                                                                          0           0
/Users/supertree/Documents/code/data-engineering-aws/hands-on/data-engineer/.venv/lib/python3.11/site-packages/airflow/example_dags/example_python_decorator.py                                                          0           0
/Users/supertree/Documents/code/data-engineering-aws/hands-on/data-engineer/.venv/lib/python3.11/site-packages/airflow/example_dags/example_sla_dag.py                                                                   0           0
/Users/supertree/Documents/code/data-engineering-aws/hands-on/data-engineer/.venv/lib/python3.11/site-packages/airflow/example_dags/example_passing_params_via_test_command.py                                           0           0
/Users/supertree/Documents/code/data-engineering-aws/hands-on/data-engineer/.venv/lib/python3.11/site-packages/airflow/example_dags/example_latest_only_with_trigger.py                                                  0           0
/Users/supertree/Documents/code/data-engineering-aws/hands-on/data-engineer/.venv/lib/python3.11/site-packages/airflow/example_dags/example_time_delta_sensor_async.py                                                   0           0
/Users/supertree/Documents/code/data-engineering-aws/hands-on/data-engineer/.venv/lib/python3.11/site-packages/airflow/example_dags/example_dag_decorator.py                                                             0           0
/Users/supertree/Documents/code/data-engineering-aws/hands-on/data-engineer/.venv/lib/python3.11/site-packages/airflow/example_dags/example_xcom.py                                                                      0           0
/Users/supertree/Documents/code/data-engineering-aws/hands-on/data-engineer/.venv/lib/python3.11/site-packages/airflow/example_dags/example_xcomargs.py                                                                  0           0
/Users/supertree/Documents/code/data-engineering-aws/hands-on/data-engineer/.venv/lib/python3.11/site-packages/airflow/example_dags/example_branch_operator_decorator.py                                                 0           0
/Users/supertree/Documents/code/data-engineering-aws/hands-on/data-engineer/.venv/lib/python3.11/site-packages/airflow/example_dags/example_branch_day_of_week_operator.py                                               0           0
/Users/supertree/Documents/code/data-engineering-aws/hands-on/data-engineer/.venv/lib/python3.11/site-packages/airflow/example_dags/example_skip_dag.py                                                                  0           0
/Users/supertree/Documents/code/data-engineering-aws/hands-on/data-engineer/.venv/lib/python3.11/site-packages/airflow/example_dags/example_short_circuit_decorator.py                                                   0           0
/Users/supertree/Documents/code/data-engineering-aws/hands-on/data-engineer/.venv/lib/python3.11/site-packages/airflow/example_dags/example_datasets.py                                                                  0           0
/Users/supertree/Documents/code/data-engineering-aws/hands-on/data-engineer/.venv/lib/python3.11/site-packages/airflow/example_dags/tutorial_dag.py                                                                      0           0
/Users/supertree/Documents/code/data-engineering-aws/hands-on/data-engineer/.venv/lib/python3.11/site-packages/airflow/example_dags/example_trigger_target_dag.py                                                        0           0
/Users/supertree/Documents/code/data-engineering-aws/hands-on/data-engineer/.venv/lib/python3.11/site-packages/airflow/example_dags/example_sensor_decorator.py                                                          0           0
/Users/supertree/Documents/code/data-engineering-aws/hands-on/data-engineer/.venv/lib/python3.11/site-packages/airflow/example_dags/example_kubernetes_executor.py                                                       0           0
/Users/supertree/Documents/code/data-engineering-aws/hands-on/data-engineer/.venv/lib/python3.11/site-packages/airflow/example_dags/example_branch_python_dop_operator_3.py                                              0           0
/Users/supertree/Documents/code/data-engineering-aws/hands-on/data-engineer/.venv/lib/python3.11/site-packages/airflow/example_dags/example_sensors.py                                                                   0           0
/Users/supertree/Documents/code/data-engineering-aws/hands-on/data-engineer/.venv/lib/python3.11/site-packages/airflow/example_dags/example_setup_teardown_taskflow.py                                                   0           0
/Users/supertree/Documents/code/data-engineering-aws/hands-on/data-engineer/.venv/lib/python3.11/site-packages/airflow/example_dags/example_branch_datetime_operator.py                                                  0           0
/Users/supertree/Documents/code/data-engineering-aws/hands-on/data-engineer/.venv/lib/python3.11/site-packages/airflow/example_dags/example_nested_branch_dag.py                                                         0           0
/Users/supertree/Documents/code/data-engineering-aws/hands-on/data-engineer/.venv/lib/python3.11/site-packages/airflow/example_dags/example_subdag_operator.py                                                           0           0
/Users/supertree/Documents/code/data-engineering-aws/hands-on/data-engineer/.venv/lib/python3.11/site-packages/airflow/example_dags/example_dynamic_task_mapping_with_no_taskflow_operators.py                           0           0
/Users/supertree/Documents/code/data-engineering-aws/hands-on/data-engineer/.venv/lib/python3.11/site-packages/airflow/example_dags/example_trigger_controller_dag.py                                                    0           0
/Users/supertree/Documents/code/data-engineering-aws/hands-on/data-engineer/.venv/lib/python3.11/site-packages/airflow/example_dags/example_params_ui_tutorial.py                                                        0           0
/Users/supertree/Documents/code/data-engineering-aws/hands-on/data-engineer/.venv/lib/python3.11/site-packages/airflow/example_dags/example_dynamic_task_mapping.py                                                      0           0
/Users/supertree/Documents/code/data-engineering-aws/hands-on/data-engineer/.venv/lib/python3.11/site-packages/airflow/example_dags/plugins/workday.py                                                                   0           0
/Users/supertree/Documents/code/data-engineering-aws/hands-on/data-engineer/.venv/lib/python3.11/site-packages/airflow/example_dags/plugins/event_listener.py                                                            0           0
/Users/supertree/Documents/code/data-engineering-aws/hands-on/data-engineer/.venv/lib/python3.11/site-packages/airflow/example_dags/plugins/listener_plugin.py                                                           0           0
================================================================================
[2024-02-29T18:04:26.849+0900] {manager.py:879} INFO - 
================================================================================
DAG File Processing Stats

File Path                                                                                                                                                                                       PID    Runtime      # DAGs    # Errors  Last Runtime    Last Run
----------------------------------------------------------------------------------------------------------------------------------------------------------------------------------------------  -----  ---------  --------  ----------  --------------  -------------------
/Users/supertree/Documents/code/data-engineering-aws/hands-on/data-engineer/.venv/lib/python3.11/site-packages/airflow/example_dags/plugins/workday.py                                                                   0           0  2.25s           2024-02-29T09:03:58
/Users/supertree/Documents/code/data-engineering-aws/hands-on/data-engineer/.venv/lib/python3.11/site-packages/airflow/example_dags/tutorial_objectstorage.py                                                            1           0  1.83s           2024-02-29T09:04:10
/Users/supertree/Documents/code/data-engineering-aws/hands-on/data-engineer/.venv/lib/python3.11/site-packages/airflow/example_dags/tutorial_taskflow_api.py                                                             1           0  1.71s           2024-02-29T09:04:07
/Users/supertree/Documents/code/data-engineering-aws/hands-on/data-engineer/.venv/lib/python3.11/site-packages/airflow/example_dags/example_xcom.py                                                                      1           0  1.68s           2024-02-29T09:04:21
/Users/supertree/Documents/code/data-engineering-aws/hands-on/data-engineer/.venv/lib/python3.11/site-packages/airflow/example_dags/example_trigger_target_dag.py                                                        1           0  1.67s           2024-02-29T09:04:24
/Users/supertree/Documents/code/data-engineering-aws/hands-on/data-engineer/.venv/lib/python3.11/site-packages/airflow/example_dags/example_xcomargs.py                                                                  2           0  1.67s           2024-02-29T09:04:18
/Users/supertree/Documents/code/data-engineering-aws/hands-on/data-engineer/.venv/lib/python3.11/site-packages/airflow/example_dags/tutorial.py                                                                          1           0  1.65s           2024-02-29T09:04:16
/Users/supertree/Documents/code/data-engineering-aws/hands-on/data-engineer/.venv/lib/python3.11/site-packages/airflow/example_dags/tutorial_dag.py                                                                      1           0  1.64s           2024-02-29T09:04:13
/Users/supertree/Documents/code/data-engineering-aws/hands-on/data-engineer/.venv/lib/python3.11/site-packages/airflow/example_dags/example_trigger_controller_dag.py                                                    1           0  1.63s           2024-02-29T09:04:26
/Users/supertree/Documents/code/data-engineering-aws/hands-on/data-engineer/.venv/lib/python3.11/site-packages/airflow/example_dags/tutorial_taskflow_api_virtualenv.py                                                  0           0  1.54s           2024-02-29T09:04:04
/Users/supertree/Documents/code/data-engineering-aws/hands-on/data-engineer/.venv/lib/python3.11/site-packages/airflow/example_dags/plugins/event_listener.py                                                            0           0  1.35s           2024-02-29T09:04:03
/Users/supertree/Documents/code/data-engineering-aws/hands-on/data-engineer/.venv/lib/python3.11/site-packages/airflow/example_dags/plugins/listener_plugin.py                                                           0           0  1.26s           2024-02-29T09:04:00
/Users/supertree/Documents/code/data-engineering-aws/hands-on/data-engineer/.venv/lib/python3.11/site-packages/airflow/example_dags/subdags/subdag.py                                                                    0           0  1.22s           2024-02-29T09:03:55
/Users/supertree/Documents/code/data-engineering-aws/hands-on/data-engineer/.venv/lib/python3.11/site-packages/airflow/example_dags/example_latest_only.py                                                               0           0
/Users/supertree/Documents/code/data-engineering-aws/hands-on/data-engineer/.venv/lib/python3.11/site-packages/airflow/example_dags/example_local_kubernetes_executor.py                                                 0           0
/Users/supertree/Documents/code/data-engineering-aws/hands-on/data-engineer/.venv/lib/python3.11/site-packages/airflow/example_dags/example_task_group_decorator.py                                                      0           0
/Users/supertree/Documents/code/data-engineering-aws/hands-on/data-engineer/.venv/lib/python3.11/site-packages/airflow/example_dags/example_complex.py                                                                   0           0
/Users/supertree/Documents/code/data-engineering-aws/hands-on/data-engineer/.venv/lib/python3.11/site-packages/airflow/example_dags/example_python_operator.py                                                           0           0
/Users/supertree/Documents/code/data-engineering-aws/hands-on/data-engineer/.venv/lib/python3.11/site-packages/airflow/example_dags/example_params_trigger_ui.py                                                         0           0
/Users/supertree/Documents/code/data-engineering-aws/hands-on/data-engineer/.venv/lib/python3.11/site-packages/airflow/example_dags/example_external_task_marker_dag.py                                                  0           0
/Users/supertree/Documents/code/data-engineering-aws/hands-on/data-engineer/.venv/lib/python3.11/site-packages/airflow/example_dags/example_bash_operator.py                                                             0           0
/Users/supertree/Documents/code/data-engineering-aws/hands-on/data-engineer/.venv/lib/python3.11/site-packages/airflow/example_dags/example_short_circuit_operator.py                                                    0           0
/Users/supertree/Documents/code/data-engineering-aws/hands-on/data-engineer/.venv/lib/python3.11/site-packages/airflow/example_dags/example_setup_teardown.py                                                            0           0
/Users/supertree/Documents/code/data-engineering-aws/hands-on/data-engineer/.venv/lib/python3.11/site-packages/airflow/example_dags/example_branch_operator.py                                                           0           0
/Users/supertree/Documents/code/data-engineering-aws/hands-on/data-engineer/.venv/lib/python3.11/site-packages/airflow/example_dags/example_branch_labels.py                                                             0           0
/Users/supertree/Documents/code/data-engineering-aws/hands-on/data-engineer/.venv/lib/python3.11/site-packages/airflow/example_dags/example_task_group.py                                                                0           0
/Users/supertree/Documents/code/data-engineering-aws/hands-on/data-engineer/.venv/lib/python3.11/site-packages/airflow/example_dags/example_python_decorator.py                                                          0           0
/Users/supertree/Documents/code/data-engineering-aws/hands-on/data-engineer/.venv/lib/python3.11/site-packages/airflow/example_dags/example_sla_dag.py                                                                   0           0
/Users/supertree/Documents/code/data-engineering-aws/hands-on/data-engineer/.venv/lib/python3.11/site-packages/airflow/example_dags/example_passing_params_via_test_command.py                                           0           0
/Users/supertree/Documents/code/data-engineering-aws/hands-on/data-engineer/.venv/lib/python3.11/site-packages/airflow/example_dags/example_latest_only_with_trigger.py                                                  0           0
/Users/supertree/Documents/code/data-engineering-aws/hands-on/data-engineer/.venv/lib/python3.11/site-packages/airflow/example_dags/example_time_delta_sensor_async.py                                                   0           0
/Users/supertree/Documents/code/data-engineering-aws/hands-on/data-engineer/.venv/lib/python3.11/site-packages/airflow/example_dags/example_dag_decorator.py                                                             0           0
/Users/supertree/Documents/code/data-engineering-aws/hands-on/data-engineer/.venv/lib/python3.11/site-packages/airflow/example_dags/example_branch_operator_decorator.py                                                 0           0
/Users/supertree/Documents/code/data-engineering-aws/hands-on/data-engineer/.venv/lib/python3.11/site-packages/airflow/example_dags/example_branch_day_of_week_operator.py                                               0           0
/Users/supertree/Documents/code/data-engineering-aws/hands-on/data-engineer/.venv/lib/python3.11/site-packages/airflow/example_dags/example_skip_dag.py                                                                  0           0
/Users/supertree/Documents/code/data-engineering-aws/hands-on/data-engineer/.venv/lib/python3.11/site-packages/airflow/example_dags/example_short_circuit_decorator.py                                                   0           0
/Users/supertree/Documents/code/data-engineering-aws/hands-on/data-engineer/.venv/lib/python3.11/site-packages/airflow/example_dags/example_datasets.py                                                                  0           0
/Users/supertree/Documents/code/data-engineering-aws/hands-on/data-engineer/.venv/lib/python3.11/site-packages/airflow/example_dags/example_sensor_decorator.py                                                          0           0
/Users/supertree/Documents/code/data-engineering-aws/hands-on/data-engineer/.venv/lib/python3.11/site-packages/airflow/example_dags/example_kubernetes_executor.py                                                       0           0
/Users/supertree/Documents/code/data-engineering-aws/hands-on/data-engineer/.venv/lib/python3.11/site-packages/airflow/example_dags/example_branch_python_dop_operator_3.py                                              0           0
/Users/supertree/Documents/code/data-engineering-aws/hands-on/data-engineer/.venv/lib/python3.11/site-packages/airflow/example_dags/example_sensors.py                                                                   0           0
/Users/supertree/Documents/code/data-engineering-aws/hands-on/data-engineer/.venv/lib/python3.11/site-packages/airflow/example_dags/example_setup_teardown_taskflow.py                                                   0           0
/Users/supertree/Documents/code/data-engineering-aws/hands-on/data-engineer/.venv/lib/python3.11/site-packages/airflow/example_dags/example_branch_datetime_operator.py                                                  0           0
/Users/supertree/Documents/code/data-engineering-aws/hands-on/data-engineer/.venv/lib/python3.11/site-packages/airflow/example_dags/example_nested_branch_dag.py                                                         0           0
/Users/supertree/Documents/code/data-engineering-aws/hands-on/data-engineer/.venv/lib/python3.11/site-packages/airflow/example_dags/example_subdag_operator.py                                                           0           0
/Users/supertree/Documents/code/data-engineering-aws/hands-on/data-engineer/.venv/lib/python3.11/site-packages/airflow/example_dags/example_dynamic_task_mapping_with_no_taskflow_operators.py                           0           0
/Users/supertree/Documents/code/data-engineering-aws/hands-on/data-engineer/.venv/lib/python3.11/site-packages/airflow/example_dags/example_params_ui_tutorial.py                                                        0           0
/Users/supertree/Documents/code/data-engineering-aws/hands-on/data-engineer/.venv/lib/python3.11/site-packages/airflow/example_dags/example_dynamic_task_mapping.py                                                      0           0
================================================================================
[2024-02-29T18:04:58.806+0900] {manager.py:879} INFO - 
================================================================================
DAG File Processing Stats

File Path                                                                                                                                                                                       PID    Runtime      # DAGs    # Errors  Last Runtime    Last Run
----------------------------------------------------------------------------------------------------------------------------------------------------------------------------------------------  -----  ---------  --------  ----------  --------------  -------------------
/Users/supertree/Documents/code/data-engineering-aws/hands-on/data-engineer/.venv/lib/python3.11/site-packages/airflow/example_dags/plugins/workday.py                                                                   0           0  2.25s           2024-02-29T09:03:58
/Users/supertree/Documents/code/data-engineering-aws/hands-on/data-engineer/.venv/lib/python3.11/site-packages/airflow/example_dags/tutorial_objectstorage.py                                                            1           0  1.83s           2024-02-29T09:04:10
/Users/supertree/Documents/code/data-engineering-aws/hands-on/data-engineer/.venv/lib/python3.11/site-packages/airflow/example_dags/tutorial_taskflow_api.py                                                             1           0  1.71s           2024-02-29T09:04:07
/Users/supertree/Documents/code/data-engineering-aws/hands-on/data-engineer/.venv/lib/python3.11/site-packages/airflow/example_dags/example_sla_dag.py                                                                   1           0  1.69s           2024-02-29T09:04:40
/Users/supertree/Documents/code/data-engineering-aws/hands-on/data-engineer/.venv/lib/python3.11/site-packages/airflow/example_dags/example_xcom.py                                                                      1           0  1.68s           2024-02-29T09:04:21
/Users/supertree/Documents/code/data-engineering-aws/hands-on/data-engineer/.venv/lib/python3.11/site-packages/airflow/example_dags/example_trigger_target_dag.py                                                        1           0  1.67s           2024-02-29T09:04:24
/Users/supertree/Documents/code/data-engineering-aws/hands-on/data-engineer/.venv/lib/python3.11/site-packages/airflow/example_dags/example_xcomargs.py                                                                  2           0  1.67s           2024-02-29T09:04:18
/Users/supertree/Documents/code/data-engineering-aws/hands-on/data-engineer/.venv/lib/python3.11/site-packages/airflow/example_dags/example_setup_teardown.py                                                            1           0  1.66s           2024-02-29T09:04:53
/Users/supertree/Documents/code/data-engineering-aws/hands-on/data-engineer/.venv/lib/python3.11/site-packages/airflow/example_dags/example_setup_teardown_taskflow.py                                                   1           0  1.66s           2024-02-29T09:04:51
/Users/supertree/Documents/code/data-engineering-aws/hands-on/data-engineer/.venv/lib/python3.11/site-packages/airflow/example_dags/example_task_group_decorator.py                                                      1           0  1.66s           2024-02-29T09:04:32
/Users/supertree/Documents/code/data-engineering-aws/hands-on/data-engineer/.venv/lib/python3.11/site-packages/airflow/example_dags/example_short_circuit_decorator.py                                                   1           0  1.66s           2024-02-29T09:04:48
/Users/supertree/Documents/code/data-engineering-aws/hands-on/data-engineer/.venv/lib/python3.11/site-packages/airflow/example_dags/example_subdag_operator.py                                                           3           0  1.65s           2024-02-29T09:04:37
/Users/supertree/Documents/code/data-engineering-aws/hands-on/data-engineer/.venv/lib/python3.11/site-packages/airflow/example_dags/tutorial.py                                                                          1           0  1.65s           2024-02-29T09:04:16
/Users/supertree/Documents/code/data-engineering-aws/hands-on/data-engineer/.venv/lib/python3.11/site-packages/airflow/example_dags/tutorial_dag.py                                                                      1           0  1.64s           2024-02-29T09:04:13
/Users/supertree/Documents/code/data-engineering-aws/hands-on/data-engineer/.venv/lib/python3.11/site-packages/airflow/example_dags/example_task_group.py                                                                1           0  1.64s           2024-02-29T09:04:34
/Users/supertree/Documents/code/data-engineering-aws/hands-on/data-engineer/.venv/lib/python3.11/site-packages/airflow/example_dags/example_trigger_controller_dag.py                                                    1           0  1.63s           2024-02-29T09:04:26
/Users/supertree/Documents/code/data-engineering-aws/hands-on/data-engineer/.venv/lib/python3.11/site-packages/airflow/example_dags/example_time_delta_sensor_async.py                                                   1           0  1.63s           2024-02-29T09:04:29
/Users/supertree/Documents/code/data-engineering-aws/hands-on/data-engineer/.venv/lib/python3.11/site-packages/airflow/example_dags/example_short_circuit_operator.py                                                    1           0  1.62s           2024-02-29T09:04:45
/Users/supertree/Documents/code/data-engineering-aws/hands-on/data-engineer/.venv/lib/python3.11/site-packages/airflow/example_dags/example_skip_dag.py                                                                  1           0  1.61s           2024-02-29T09:04:42
/Users/supertree/Documents/code/data-engineering-aws/hands-on/data-engineer/.venv/lib/python3.11/site-packages/airflow/example_dags/tutorial_taskflow_api_virtualenv.py                                                  0           0  1.54s           2024-02-29T09:04:04
/Users/supertree/Documents/code/data-engineering-aws/hands-on/data-engineer/.venv/lib/python3.11/site-packages/airflow/example_dags/example_sensor_decorator.py                                                          1           0  1.52s           2024-02-29T09:04:58
/Users/supertree/Documents/code/data-engineering-aws/hands-on/data-engineer/.venv/lib/python3.11/site-packages/airflow/example_dags/example_sensors.py                                                                   1           0  1.45s           2024-02-29T09:04:56
/Users/supertree/Documents/code/data-engineering-aws/hands-on/data-engineer/.venv/lib/python3.11/site-packages/airflow/example_dags/plugins/event_listener.py                                                            0           0  1.35s           2024-02-29T09:04:03
/Users/supertree/Documents/code/data-engineering-aws/hands-on/data-engineer/.venv/lib/python3.11/site-packages/airflow/example_dags/plugins/listener_plugin.py                                                           0           0  1.26s           2024-02-29T09:04:00
/Users/supertree/Documents/code/data-engineering-aws/hands-on/data-engineer/.venv/lib/python3.11/site-packages/airflow/example_dags/subdags/subdag.py                                                                    0           0  1.22s           2024-02-29T09:03:55
/Users/supertree/Documents/code/data-engineering-aws/hands-on/data-engineer/.venv/lib/python3.11/site-packages/airflow/example_dags/example_latest_only.py                                                               0           0
/Users/supertree/Documents/code/data-engineering-aws/hands-on/data-engineer/.venv/lib/python3.11/site-packages/airflow/example_dags/example_local_kubernetes_executor.py                                                 0           0
/Users/supertree/Documents/code/data-engineering-aws/hands-on/data-engineer/.venv/lib/python3.11/site-packages/airflow/example_dags/example_complex.py                                                                   0           0
/Users/supertree/Documents/code/data-engineering-aws/hands-on/data-engineer/.venv/lib/python3.11/site-packages/airflow/example_dags/example_python_operator.py                                                           0           0
/Users/supertree/Documents/code/data-engineering-aws/hands-on/data-engineer/.venv/lib/python3.11/site-packages/airflow/example_dags/example_params_trigger_ui.py                                                         0           0
/Users/supertree/Documents/code/data-engineering-aws/hands-on/data-engineer/.venv/lib/python3.11/site-packages/airflow/example_dags/example_external_task_marker_dag.py                                                  0           0
/Users/supertree/Documents/code/data-engineering-aws/hands-on/data-engineer/.venv/lib/python3.11/site-packages/airflow/example_dags/example_bash_operator.py                                                             0           0
/Users/supertree/Documents/code/data-engineering-aws/hands-on/data-engineer/.venv/lib/python3.11/site-packages/airflow/example_dags/example_branch_operator.py                                                           0           0
/Users/supertree/Documents/code/data-engineering-aws/hands-on/data-engineer/.venv/lib/python3.11/site-packages/airflow/example_dags/example_branch_labels.py                                                             0           0
/Users/supertree/Documents/code/data-engineering-aws/hands-on/data-engineer/.venv/lib/python3.11/site-packages/airflow/example_dags/example_python_decorator.py                                                          0           0
/Users/supertree/Documents/code/data-engineering-aws/hands-on/data-engineer/.venv/lib/python3.11/site-packages/airflow/example_dags/example_passing_params_via_test_command.py                                           0           0
/Users/supertree/Documents/code/data-engineering-aws/hands-on/data-engineer/.venv/lib/python3.11/site-packages/airflow/example_dags/example_latest_only_with_trigger.py                                                  0           0
/Users/supertree/Documents/code/data-engineering-aws/hands-on/data-engineer/.venv/lib/python3.11/site-packages/airflow/example_dags/example_dag_decorator.py                                                             0           0
/Users/supertree/Documents/code/data-engineering-aws/hands-on/data-engineer/.venv/lib/python3.11/site-packages/airflow/example_dags/example_branch_operator_decorator.py                                                 0           0
/Users/supertree/Documents/code/data-engineering-aws/hands-on/data-engineer/.venv/lib/python3.11/site-packages/airflow/example_dags/example_branch_day_of_week_operator.py                                               0           0
/Users/supertree/Documents/code/data-engineering-aws/hands-on/data-engineer/.venv/lib/python3.11/site-packages/airflow/example_dags/example_datasets.py                                                                  0           0
/Users/supertree/Documents/code/data-engineering-aws/hands-on/data-engineer/.venv/lib/python3.11/site-packages/airflow/example_dags/example_kubernetes_executor.py                                                       0           0
/Users/supertree/Documents/code/data-engineering-aws/hands-on/data-engineer/.venv/lib/python3.11/site-packages/airflow/example_dags/example_branch_python_dop_operator_3.py                                              0           0
/Users/supertree/Documents/code/data-engineering-aws/hands-on/data-engineer/.venv/lib/python3.11/site-packages/airflow/example_dags/example_branch_datetime_operator.py                                                  0           0
/Users/supertree/Documents/code/data-engineering-aws/hands-on/data-engineer/.venv/lib/python3.11/site-packages/airflow/example_dags/example_nested_branch_dag.py                                                         0           0
/Users/supertree/Documents/code/data-engineering-aws/hands-on/data-engineer/.venv/lib/python3.11/site-packages/airflow/example_dags/example_dynamic_task_mapping_with_no_taskflow_operators.py                           0           0
/Users/supertree/Documents/code/data-engineering-aws/hands-on/data-engineer/.venv/lib/python3.11/site-packages/airflow/example_dags/example_params_ui_tutorial.py                                                        0           0
/Users/supertree/Documents/code/data-engineering-aws/hands-on/data-engineer/.venv/lib/python3.11/site-packages/airflow/example_dags/example_dynamic_task_mapping.py                                                      0           0
================================================================================
[2024-02-29T18:05:27.928+0900] {manager.py:451} INFO - Exiting gracefully upon receiving signal 15
